<?xml version="1.0" encoding="UTF-8"?>
<testsuite name="csci.ooad.arcane.DiceTest" tests="1" skipped="0" failures="1" errors="0" timestamp="2024-09-25T00:36:40" hostname="Chetans-Laptop.local" time="0.448">
  <properties/>
  <testcase name="testRoll()" classname="csci.ooad.arcane.DiceTest" time="0.448">
    <failure message="org.mockito.exceptions.base.MockitoException: Could not modify all classes [class java.util.Random]" type="org.mockito.exceptions.base.MockitoException">org.mockito.exceptions.base.MockitoException: Could not modify all classes [class java.util.Random]
	at app//csci.ooad.arcane.DiceTest.setUp(DiceTest.java:18)
	at java.base@21.0.4/java.lang.reflect.Method.invoke(Method.java:580)
	at java.base@21.0.4/java.util.ArrayList.forEach(ArrayList.java:1596)
	at java.base@21.0.4/java.util.ArrayList.forEach(ArrayList.java:1596)
	Suppressed: java.lang.NullPointerException: Cannot invoke &quot;org.mockito.MockedStatic.close()&quot; because &quot;this.mockedRandom&quot; is null
		at csci.ooad.arcane.DiceTest.cleanUp(DiceTest.java:23)
		... 3 more
Caused by: java.lang.IllegalStateException: 
Byte Buddy could not instrument all classes within the mock's type hierarchy

This problem should never occur for javac-compiled classes. This problem has been observed for classes that are:
 - Compiled by older versions of scalac
 - Classes that are part of the Android distribution
	at org.mockito.internal.creation.bytebuddy.InlineBytecodeGenerator.triggerRetransformation(InlineBytecodeGenerator.java:280)
	at org.mockito.internal.creation.bytebuddy.InlineBytecodeGenerator.mockClassStatic(InlineBytecodeGenerator.java:221)
	at org.mockito.internal.creation.bytebuddy.TypeCachingBytecodeGenerator.mockClassStatic(TypeCachingBytecodeGenerator.java:63)
	at org.mockito.internal.creation.bytebuddy.InlineDelegateByteBuddyMockMaker.createStaticMock(InlineDelegateByteBuddyMockMaker.java:560)
	at org.mockito.internal.creation.bytebuddy.InlineByteBuddyMockMaker.createStaticMock(InlineByteBuddyMockMaker.java:83)
	at org.mockito.internal.util.MockUtil.createStaticMock(MockUtil.java:147)
	at org.mockito.internal.MockitoCore.mockStatic(MockitoCore.java:99)
	at org.mockito.Mockito.mockStatic(Mockito.java:2156)
	at org.mockito.Mockito.mockStatic(Mockito.java:2093)
	... 4 more
Caused by: java.lang.IllegalArgumentException: Unsupported class file major version 65
	at net.bytebuddy.jar.asm.ClassReader.&lt;init&gt;(ClassReader.java:199)
	at net.bytebuddy.jar.asm.ClassReader.&lt;init&gt;(ClassReader.java:180)
	at net.bytebuddy.jar.asm.ClassReader.&lt;init&gt;(ClassReader.java:166)
	at net.bytebuddy.utility.OpenedClassReader.of(OpenedClassReader.java:99)
	at net.bytebuddy.dynamic.scaffold.TypeWriter$Default$ForInlining.create(TypeWriter.java:3916)
	at net.bytebuddy.dynamic.scaffold.TypeWriter$Default.make(TypeWriter.java:2193)
	at net.bytebuddy.dynamic.scaffold.inline.RedefinitionDynamicTypeBuilder.make(RedefinitionDynamicTypeBuilder.java:224)
	at net.bytebuddy.dynamic.scaffold.inline.AbstractInliningDynamicTypeBuilder.make(AbstractInliningDynamicTypeBuilder.java:123)
	at net.bytebuddy.dynamic.DynamicType$Builder$AbstractBase.make(DynamicType.java:3658)
	at org.mockito.internal.creation.bytebuddy.InlineBytecodeGenerator.transform(InlineBytecodeGenerator.java:393)
	at java.instrument/java.lang.instrument.ClassFileTransformer.transform(ClassFileTransformer.java:244)
	at java.instrument/sun.instrument.TransformerManager.transform(TransformerManager.java:188)
	at java.instrument/sun.instrument.InstrumentationImpl.transform(InstrumentationImpl.java:610)
	at java.instrument/sun.instrument.InstrumentationImpl.retransformClasses0(Native Method)
	at java.instrument/sun.instrument.InstrumentationImpl.retransformClasses(InstrumentationImpl.java:225)
	at org.mockito.internal.creation.bytebuddy.InlineBytecodeGenerator.triggerRetransformation(InlineBytecodeGenerator.java:276)
	... 12 more
</failure>
  </testcase>
  <system-out><![CDATA[]]></system-out>
  <system-err><![CDATA[WARNING: A Java agent has been loaded dynamically (/Users/chetanb/.gradle/caches/modules-2/files-2.1/net.bytebuddy/byte-buddy-agent/1.11.19/25c27513103bd4a166778b20a0be0c84dc5364f6/byte-buddy-agent-1.11.19.jar)
WARNING: If a serviceability tool is in use, please run with -XX:+EnableDynamicAgentLoading to hide this warning
WARNING: If a serviceability tool is not in use, please run with -Djdk.instrument.traceUsage for more information
WARNING: Dynamic loading of agents will be disallowed by default in a future release
]]></system-err>
</testsuite>
