<?xml version="1.0" encoding="UTF-8"?>
<testsuite name="csci.ooad.arcane.maze.RoomTest" tests="2" skipped="0" failures="0" errors="0" timestamp="2024-09-25T00:36:40" hostname="Chetans-Laptop.local" time="0.018">
  <properties/>
  <testcase name="testRemoveAdventurer()" classname="csci.ooad.arcane.maze.RoomTest" time="0.016"/>
  <testcase name="testGetNeighboringRooms()" classname="csci.ooad.arcane.maze.RoomTest" time="0.001"/>
  <system-out><![CDATA[]]></system-out>
  <system-err><![CDATA[]]></system-err>
</testsuite>
